1651817109.105891 client started (1270730): version 3.0a, socket /tmp/tmux-1000/default, protocol 8
1651817109.105927 on Linux 5.4.0-88-generic #99-Ubuntu SMP Thu Sep 23 17:29:00 UTC 2021; libevent 2.1.11-stable (poll)
1651817109.105943 socket is /tmp/tmux-1000/default
1651817109.105956 trying connect
1651817109.106022 add peer 0x5640e4eedbe0: 6 ((nil))
1651817109.106134 sending message 100 to peer 0x5640e4eedbe0 (4 bytes)
1651817109.106142 sending message 101 to peer 0x5640e4eedbe0 (7 bytes)
1651817109.106147 sending message 102 to peer 0x5640e4eedbe0 (11 bytes)
1651817109.106151 sending message 108 to peer 0x5640e4eedbe0 (27 bytes)
1651817109.106156 sending message 104 to peer 0x5640e4eedbe0 (0 bytes)
1651817109.106160 sending message 107 to peer 0x5640e4eedbe0 (4 bytes)
1651817109.106165 sending message 105 to peer 0x5640e4eedbe0 (16 bytes)
1651817109.106169 sending message 105 to peer 0x5640e4eedbe0 (37 bytes)
1651817109.106173 sending message 105 to peer 0x5640e4eedbe0 (16 bytes)
1651817109.106177 sending message 105 to peer 0x5640e4eedbe0 (47 bytes)
1651817109.106181 sending message 105 to peer 0x5640e4eedbe0 (31 bytes)
1651817109.106185 sending message 105 to peer 0x5640e4eedbe0 (16 bytes)
1651817109.106189 sending message 105 to peer 0x5640e4eedbe0 (21 bytes)
1651817109.106239 sending message 105 to peer 0x5640e4eedbe0 (15 bytes)
1651817109.106248 sending message 105 to peer 0x5640e4eedbe0 (19 bytes)
1651817109.106338 sending message 105 to peer 0x5640e4eedbe0 (17 bytes)
1651817109.106347 sending message 105 to peer 0x5640e4eedbe0 (1506 bytes)
1651817109.106357 sending message 105 to peer 0x5640e4eedbe0 (19 bytes)
1651817109.106403 sending message 105 to peer 0x5640e4eedbe0 (43 bytes)
1651817109.106410 sending message 105 to peer 0x5640e4eedbe0 (34 bytes)
1651817109.106423 sending message 105 to peer 0x5640e4eedbe0 (23 bytes)
1651817109.106427 sending message 105 to peer 0x5640e4eedbe0 (12 bytes)
1651817109.106431 sending message 105 to peer 0x5640e4eedbe0 (32 bytes)
1651817109.106435 sending message 105 to peer 0x5640e4eedbe0 (13 bytes)
1651817109.106439 sending message 105 to peer 0x5640e4eedbe0 (13 bytes)
1651817109.106443 sending message 105 to peer 0x5640e4eedbe0 (27 bytes)
1651817109.106447 sending message 105 to peer 0x5640e4eedbe0 (8 bytes)
1651817109.106451 sending message 105 to peer 0x5640e4eedbe0 (20 bytes)
1651817109.106455 sending message 105 to peer 0x5640e4eedbe0 (31 bytes)
1651817109.106459 sending message 105 to peer 0x5640e4eedbe0 (29 bytes)
1651817109.106463 sending message 105 to peer 0x5640e4eedbe0 (19 bytes)
1651817109.106543 sending message 105 to peer 0x5640e4eedbe0 (65 bytes)
1651817109.106556 sending message 105 to peer 0x5640e4eedbe0 (256 bytes)
1651817109.106561 sending message 105 to peer 0x5640e4eedbe0 (54 bytes)
1651817109.106566 sending message 105 to peer 0x5640e4eedbe0 (19 bytes)
1651817109.106570 sending message 105 to peer 0x5640e4eedbe0 (21 bytes)
1651817109.106574 sending message 105 to peer 0x5640e4eedbe0 (16 bytes)
1651817109.106578 sending message 106 to peer 0x5640e4eedbe0 (0 bytes)
1651817109.107705 sending message 200 to peer 0x5640e4eedbe0 (4 bytes)
1651817109.107973 client loop enter
1651817109.109323 peer 0x5640e4eedbe0 message 211
1651817109.109336 client_write: sessions should be nested with care, unset $TMUX to force\n
1651817109.109744 peer 0x5640e4eedbe0 message 203
1651817109.109753 client loop exit
